<?xml version="1.0" encoding="UTF-8"?>
<!-- Generated by org.testng.reporters.JUnitReportReporter -->
<testsuite skipped="0" hostname="reddy-PC" name="project9.Test1" tests="1" failures="0" timestamp="09 Apr 2022 05:41:05 GMT" time="0.060" errors="0">
  <testcase name="Test2" time="0.060" classname="project9.Test1"/>
</testsuite> <!-- project9.Test1 -->
